<?xml version="1.0" encoding="UTF-8"?>
<testsuites name="jest tests" tests="5" failures="0" errors="0" time="3.068">
  <testsuite name="The PdfHandler" errors="0" failures="0" skipped="0" timestamp="2022-04-01T19:32:10" time="1.178" tests="4">
    <testcase classname="The PdfHandler it should load" name="The PdfHandler it should load" time="0.037">
    </testcase>
    <testcase classname="The PdfHandler it should decode attachments" name="The PdfHandler it should decode attachments" time="0.01">
    </testcase>
    <testcase classname="The PdfHandler it should decode the correct attachment name" name="The PdfHandler it should decode the correct attachment name" time="0.006">
    </testcase>
    <testcase classname="The PdfHandler it should read attachments correctly" name="The PdfHandler it should read attachments correctly" time="0.005">
    </testcase>
  </testsuite>
  <testsuite name="undefined" errors="0" failures="0" skipped="0" timestamp="2022-04-01T19:32:10" time="1.617" tests="1">
    <testcase classname=" renders learn react link" name=" renders learn react link" time="0.035">
    </testcase>
  </testsuite>
</testsuites>